c:\users\123\desktop\github projects\firstengine\katamari\x64\debug\vc143.pdb
c:\users\123\desktop\github projects\firstengine\katamari\x64\debug\vc143.idb
c:\users\123\desktop\github projects\firstengine\katamari\x64\debug\startgame.obj
c:\users\123\desktop\github projects\firstengine\katamari\x64\debug\player.obj
c:\users\123\desktop\github projects\firstengine\katamari\x64\debug\ground.obj
c:\users\123\desktop\github projects\firstengine\katamari\x64\debug\item.obj
c:\users\123\desktop\github projects\firstengine\x64\debug\cubeshader.cso
c:\users\123\desktop\github projects\firstengine\x64\debug\myveryfirstshader.cso
c:\users\123\desktop\github projects\firstengine\x64\debug\katamari.exe
c:\users\123\desktop\github projects\firstengine\x64\debug\katamari.pdb
c:\users\123\desktop\github projects\firstengine\katamari\x64\debug\katamari.ilk
c:\users\123\desktop\github projects\firstengine\katamari\x64\debug\loadmodel.obj
c:\users\123\desktop\github projects\firstengine\katamari\x64\debug\source.obj
c:\users\123\desktop\github projects\firstengine\katamari\x64\debug\katamari.tlog\cl.command.1.tlog
c:\users\123\desktop\github projects\firstengine\katamari\x64\debug\katamari.tlog\cl.items.tlog
c:\users\123\desktop\github projects\firstengine\katamari\x64\debug\katamari.tlog\cl.read.1.tlog
c:\users\123\desktop\github projects\firstengine\katamari\x64\debug\katamari.tlog\cl.write.1.tlog
c:\users\123\desktop\github projects\firstengine\katamari\x64\debug\katamari.tlog\fxc.command.1.tlog
c:\users\123\desktop\github projects\firstengine\katamari\x64\debug\katamari.tlog\fxc.read.1.tlog
c:\users\123\desktop\github projects\firstengine\katamari\x64\debug\katamari.tlog\fxc.write.1.tlog
c:\users\123\desktop\github projects\firstengine\katamari\x64\debug\katamari.tlog\link.command.1.tlog
c:\users\123\desktop\github projects\firstengine\katamari\x64\debug\katamari.tlog\link.read.1.tlog
c:\users\123\desktop\github projects\firstengine\katamari\x64\debug\katamari.tlog\link.secondary.1.tlog
c:\users\123\desktop\github projects\firstengine\katamari\x64\debug\katamari.tlog\link.write.1.tlog
