c:\users\123\desktop\github projects\firstengine\firstengine\x64\debug\vc143.pdb
c:\users\123\desktop\github projects\firstengine\firstengine\x64\debug\vc143.idb
c:\users\123\desktop\github projects\firstengine\firstengine\x64\debug\trianglecomponent.obj
c:\users\123\desktop\github projects\firstengine\firstengine\x64\debug\triangle.obj
c:\users\123\desktop\github projects\firstengine\firstengine\x64\debug\square.obj
c:\users\123\desktop\github projects\firstengine\firstengine\x64\debug\inputdevice.obj
c:\users\123\desktop\github projects\firstengine\firstengine\x64\debug\displaywin32.obj
c:\users\123\desktop\github projects\firstengine\x64\debug\myveryfirstshader.cso
c:\users\123\desktop\github projects\firstengine\x64\debug\firstengine.dll
c:\users\123\desktop\github projects\firstengine\x64\debug\firstengine.pdb
c:\users\123\desktop\github projects\firstengine\firstengine\x64\debug\firstengine.ilk
c:\users\123\desktop\github projects\firstengine\firstengine\x64\debug\firstengine.tlog\cl.command.1.tlog
c:\users\123\desktop\github projects\firstengine\firstengine\x64\debug\firstengine.tlog\cl.items.tlog
c:\users\123\desktop\github projects\firstengine\firstengine\x64\debug\firstengine.tlog\cl.read.1.tlog
c:\users\123\desktop\github projects\firstengine\firstengine\x64\debug\firstengine.tlog\cl.write.1.tlog
c:\users\123\desktop\github projects\firstengine\firstengine\x64\debug\firstengine.tlog\fxc.command.1.tlog
c:\users\123\desktop\github projects\firstengine\firstengine\x64\debug\firstengine.tlog\fxc.read.1.tlog
c:\users\123\desktop\github projects\firstengine\firstengine\x64\debug\firstengine.tlog\fxc.write.1.tlog
c:\users\123\desktop\github projects\firstengine\firstengine\x64\debug\firstengine.tlog\link.command.1.tlog
c:\users\123\desktop\github projects\firstengine\firstengine\x64\debug\firstengine.tlog\link.read.1.tlog
c:\users\123\desktop\github projects\firstengine\firstengine\x64\debug\firstengine.tlog\link.secondary.1.tlog
c:\users\123\desktop\github projects\firstengine\firstengine\x64\debug\firstengine.tlog\link.write.1.tlog
