c:\users\123\desktop\github projects\firstengine\x64\debug\firstengine.pdb
c:\users\123\desktop\github projects\firstengine\x64\debug\firstengine.idb
c:\users\123\desktop\github projects\firstengine\firstengine\x64\debug\trianglecomponent.obj
c:\users\123\desktop\github projects\firstengine\firstengine\x64\debug\triangle.obj
c:\users\123\desktop\github projects\firstengine\firstengine\x64\debug\square.obj
c:\users\123\desktop\github projects\firstengine\firstengine\x64\debug\inputdevice.obj
c:\users\123\desktop\github projects\firstengine\firstengine\x64\debug\game.obj
c:\users\123\desktop\github projects\firstengine\firstengine\x64\debug\displaywin32.obj
c:\users\123\desktop\github projects\firstengine\firstengine\x64\debug\delegates.obj
c:\users\123\desktop\github projects\firstengine\firstengine\x64\debug\gameobject.obj
c:\users\123\desktop\github projects\firstengine\firstengine\x64\debug\camera.obj
c:\users\123\desktop\github projects\firstengine\firstengine\x64\debug\stringhelper.obj
c:\users\123\desktop\github projects\firstengine\firstengine\x64\debug\colorhelper.obj
c:\users\123\desktop\github projects\firstengine\firstengine\x64\debug\loadmodel.obj
c:\users\123\desktop\github projects\firstengine\firstengine\x64\debug\texture.obj
c:\users\123\desktop\github projects\firstengine\x64\debug\cubeshader.cso
c:\users\123\desktop\github projects\firstengine\x64\debug\skyboxshader.cso
c:\users\123\desktop\github projects\firstengine\x64\debug\firstengine.lib
c:\users\123\desktop\github projects\firstengine\firstengine\x64\debug\cube.obj
c:\users\123\desktop\github projects\firstengine\firstengine\x64\debug\grid.obj
c:\users\123\desktop\github projects\firstengine\firstengine\x64\debug\object.obj
c:\users\123\desktop\github projects\firstengine\firstengine\x64\debug\sphere.obj
c:\users\123\desktop\github projects\firstengine\firstengine\x64\debug\firstengine.tlog\cl.command.1.tlog
c:\users\123\desktop\github projects\firstengine\firstengine\x64\debug\firstengine.tlog\cl.items.tlog
c:\users\123\desktop\github projects\firstengine\firstengine\x64\debug\firstengine.tlog\cl.read.1.tlog
c:\users\123\desktop\github projects\firstengine\firstengine\x64\debug\firstengine.tlog\cl.write.1.tlog
c:\users\123\desktop\github projects\firstengine\firstengine\x64\debug\firstengine.tlog\fxc.command.1.tlog
c:\users\123\desktop\github projects\firstengine\firstengine\x64\debug\firstengine.tlog\fxc.read.1.tlog
c:\users\123\desktop\github projects\firstengine\firstengine\x64\debug\firstengine.tlog\fxc.write.1.tlog
c:\users\123\desktop\github projects\firstengine\firstengine\x64\debug\firstengine.tlog\lib-link.read.1.tlog
c:\users\123\desktop\github projects\firstengine\firstengine\x64\debug\firstengine.tlog\lib-link.write.1.tlog
c:\users\123\desktop\github projects\firstengine\firstengine\x64\debug\firstengine.tlog\lib.command.1.tlog
