c:\users\123\desktop\github projects\firstengine\katamariremastered\x64\debug\vc143.pdb
c:\users\123\desktop\github projects\firstengine\katamariremastered\x64\debug\vc143.idb
c:\users\123\desktop\github projects\firstengine\katamariremastered\x64\debug\main.obj
c:\users\123\desktop\github projects\firstengine\katamariremastered\x64\debug\katamariremastered.obj
c:\users\123\desktop\github projects\firstengine\katamariremastered\x64\debug\ground.obj
c:\users\123\desktop\github projects\firstengine\katamariremastered\x64\debug\player.obj
c:\users\123\desktop\github projects\firstengine\katamariremastered\x64\debug\item.obj
c:\users\123\desktop\github projects\firstengine\x64\debug\groundgbuffershadervs.cso
c:\users\123\desktop\github projects\firstengine\x64\debug\playergbuffershadervs.cso
c:\users\123\desktop\github projects\firstengine\x64\debug\itemgbuffershadervs.cso
c:\users\123\desktop\github projects\firstengine\x64\debug\ambientlightvshader.cso
c:\users\123\desktop\github projects\firstengine\x64\debug\directionallightvshader.cso
c:\users\123\desktop\github projects\firstengine\x64\debug\pointlightvshader.cso
c:\users\123\desktop\github projects\firstengine\x64\debug\spotlightvshader.cso
c:\users\123\desktop\github projects\firstengine\x64\debug\groundgbuffershaderps.cso
c:\users\123\desktop\github projects\firstengine\x64\debug\itemgbuffershaderps.cso
c:\users\123\desktop\github projects\firstengine\x64\debug\playergbuffershaderps.cso
c:\users\123\desktop\github projects\firstengine\x64\debug\emitparticlescshader.cso
c:\users\123\desktop\github projects\firstengine\x64\debug\initsimulatedispatchargscshader.cso
c:\users\123\desktop\github projects\firstengine\x64\debug\renderparticles_gs.cso
c:\users\123\desktop\github projects\firstengine\x64\debug\renderparticles_ps.cso
c:\users\123\desktop\github projects\firstengine\x64\debug\renderparticles_vs.cso
c:\users\123\desktop\github projects\firstengine\x64\debug\resetcshader.cso
c:\users\123\desktop\github projects\firstengine\x64\debug\simulateparticlescshader.cso
c:\users\123\desktop\github projects\firstengine\x64\debug\ambientlightpshader.cso
c:\users\123\desktop\github projects\firstengine\x64\debug\directionallightpshader.cso
c:\users\123\desktop\github projects\firstengine\x64\debug\pointlightpshader.cso
c:\users\123\desktop\github projects\firstengine\x64\debug\spotlightpshader.cso
c:\users\123\desktop\github projects\firstengine\x64\debug\katamariremastered.exe
c:\users\123\desktop\github projects\firstengine\x64\debug\katamariremastered.pdb
c:\users\123\desktop\github projects\firstengine\katamariremastered\x64\debug\katamariremastered.ilk
c:\users\123\desktop\github projects\firstengine\katamariremastered\x64\debug\katamari.9a3794a1.tlog\cl.command.1.tlog
c:\users\123\desktop\github projects\firstengine\katamariremastered\x64\debug\katamari.9a3794a1.tlog\cl.items.tlog
c:\users\123\desktop\github projects\firstengine\katamariremastered\x64\debug\katamari.9a3794a1.tlog\cl.read.1.tlog
c:\users\123\desktop\github projects\firstengine\katamariremastered\x64\debug\katamari.9a3794a1.tlog\cl.write.1.tlog
c:\users\123\desktop\github projects\firstengine\katamariremastered\x64\debug\katamari.9a3794a1.tlog\fxc.command.1.tlog
c:\users\123\desktop\github projects\firstengine\katamariremastered\x64\debug\katamari.9a3794a1.tlog\fxc.read.1.tlog
c:\users\123\desktop\github projects\firstengine\katamariremastered\x64\debug\katamari.9a3794a1.tlog\fxc.write.1.tlog
c:\users\123\desktop\github projects\firstengine\katamariremastered\x64\debug\katamari.9a3794a1.tlog\link.command.1.tlog
c:\users\123\desktop\github projects\firstengine\katamariremastered\x64\debug\katamari.9a3794a1.tlog\link.read.1.tlog
c:\users\123\desktop\github projects\firstengine\katamariremastered\x64\debug\katamari.9a3794a1.tlog\link.secondary.1.tlog
c:\users\123\desktop\github projects\firstengine\katamariremastered\x64\debug\katamari.9a3794a1.tlog\link.write.1.tlog
