  Ball.cpp
C:\Users\123\Desktop\Github Projects\FirstEngine\Pong\PlayerPaddle.h(32,19): warning C4305: 'initializing': truncation from 'double' to 'float'
  (compiling source file 'Ball.cpp')
  
C:\Users\123\Desktop\Github Projects\FirstEngine\Pong\PlayerPaddle.h(33,20): warning C4305: 'initializing': truncation from 'double' to 'float'
  (compiling source file 'Ball.cpp')
  
C:\Users\123\Desktop\Github Projects\FirstEngine\Pong\NPCPaddle.h(29,19): warning C4305: 'initializing': truncation from 'double' to 'float'
  (compiling source file 'Ball.cpp')
  
C:\Users\123\Desktop\Github Projects\FirstEngine\Pong\NPCPaddle.h(30,20): warning C4305: 'initializing': truncation from 'double' to 'float'
  (compiling source file 'Ball.cpp')
  
C:\Users\123\Desktop\Github Projects\FirstEngine\Pong\Ball.h(30,19): warning C4305: 'initializing': truncation from 'double' to 'float'
  (compiling source file 'Ball.cpp')
  
C:\Users\123\Desktop\Github Projects\FirstEngine\Pong\Ball.h(31,20): warning C4305: 'initializing': truncation from 'double' to 'float'
  (compiling source file 'Ball.cpp')
  
  MySuper3DApp.cpp
C:\Users\123\Desktop\Github Projects\FirstEngine\Pong\NPCPaddle.h(29,19): warning C4305: 'initializing': truncation from 'double' to 'float'
  (compiling source file 'MySuper3DApp.cpp')
  
C:\Users\123\Desktop\Github Projects\FirstEngine\Pong\NPCPaddle.h(30,20): warning C4305: 'initializing': truncation from 'double' to 'float'
  (compiling source file 'MySuper3DApp.cpp')
  
C:\Users\123\Desktop\Github Projects\FirstEngine\Pong\PlayerPaddle.h(32,19): warning C4305: 'initializing': truncation from 'double' to 'float'
  (compiling source file 'MySuper3DApp.cpp')
  
C:\Users\123\Desktop\Github Projects\FirstEngine\Pong\PlayerPaddle.h(33,20): warning C4305: 'initializing': truncation from 'double' to 'float'
  (compiling source file 'MySuper3DApp.cpp')
  
C:\Users\123\Desktop\Github Projects\FirstEngine\Pong\Ball.h(30,19): warning C4305: 'initializing': truncation from 'double' to 'float'
  (compiling source file 'MySuper3DApp.cpp')
  
C:\Users\123\Desktop\Github Projects\FirstEngine\Pong\Ball.h(31,20): warning C4305: 'initializing': truncation from 'double' to 'float'
  (compiling source file 'MySuper3DApp.cpp')
  
  NPCPaddle.cpp
C:\Users\123\Desktop\Github Projects\FirstEngine\Pong\NPCPaddle.h(29,19): warning C4305: 'initializing': truncation from 'double' to 'float'
  (compiling source file 'NPCPaddle.cpp')
  
C:\Users\123\Desktop\Github Projects\FirstEngine\Pong\NPCPaddle.h(30,20): warning C4305: 'initializing': truncation from 'double' to 'float'
  (compiling source file 'NPCPaddle.cpp')
  
C:\Users\123\Desktop\Github Projects\FirstEngine\Pong\NPCPaddle.cpp(71,16): warning C4244: 'argument': conversion from 'double' to 'float', possible loss of data
  PlayerPaddle.cpp
C:\Users\123\Desktop\Github Projects\FirstEngine\Pong\PlayerPaddle.h(32,19): warning C4305: 'initializing': truncation from 'double' to 'float'
  (compiling source file 'PlayerPaddle.cpp')
  
C:\Users\123\Desktop\Github Projects\FirstEngine\Pong\PlayerPaddle.h(33,20): warning C4305: 'initializing': truncation from 'double' to 'float'
  (compiling source file 'PlayerPaddle.cpp')
  
  PongGame.cpp
C:\Users\123\Desktop\Github Projects\FirstEngine\Pong\NPCPaddle.h(29,19): warning C4305: 'initializing': truncation from 'double' to 'float'
  (compiling source file 'PongGame.cpp')
  
C:\Users\123\Desktop\Github Projects\FirstEngine\Pong\NPCPaddle.h(30,20): warning C4305: 'initializing': truncation from 'double' to 'float'
  (compiling source file 'PongGame.cpp')
  
C:\Users\123\Desktop\Github Projects\FirstEngine\Pong\PlayerPaddle.h(32,19): warning C4305: 'initializing': truncation from 'double' to 'float'
  (compiling source file 'PongGame.cpp')
  
C:\Users\123\Desktop\Github Projects\FirstEngine\Pong\PlayerPaddle.h(33,20): warning C4305: 'initializing': truncation from 'double' to 'float'
  (compiling source file 'PongGame.cpp')
  
C:\Users\123\Desktop\Github Projects\FirstEngine\Pong\Ball.h(30,19): warning C4305: 'initializing': truncation from 'double' to 'float'
  (compiling source file 'PongGame.cpp')
  
C:\Users\123\Desktop\Github Projects\FirstEngine\Pong\Ball.h(31,20): warning C4305: 'initializing': truncation from 'double' to 'float'
  (compiling source file 'PongGame.cpp')
  
  Generating Code...
  Pong.vcxproj -> C:\Users\123\Desktop\Github Projects\FirstEngine\x64\Debug\Pong.exe
