c:\users\123\desktop\github projects\firstengine\pong\x64\debug\vc143.pdb
c:\users\123\desktop\github projects\firstengine\pong\x64\debug\vc143.idb
c:\users\123\desktop\github projects\firstengine\pong\x64\debug\npcpaddle.obj
c:\users\123\desktop\github projects\firstengine\pong\x64\debug\playerpaddle.obj
c:\users\123\desktop\github projects\firstengine\pong\x64\debug\mysuper3dapp.obj
c:\users\123\desktop\github projects\firstengine\pong\x64\debug\ponggame.obj
c:\users\123\desktop\github projects\firstengine\pong\x64\debug\ball.obj
c:\users\123\desktop\github projects\firstengine\pong\x64\debug\pong.ilk
c:\users\123\desktop\github projects\firstengine\pong\x64\debug\game.obj
c:\users\123\desktop\github projects\firstengine\x64\debug\pong.pdb
c:\users\123\desktop\github projects\firstengine\pong\x64\debug\pong.tlog\cl.command.1.tlog
c:\users\123\desktop\github projects\firstengine\pong\x64\debug\pong.tlog\cl.items.tlog
c:\users\123\desktop\github projects\firstengine\pong\x64\debug\pong.tlog\cl.read.1.tlog
c:\users\123\desktop\github projects\firstengine\pong\x64\debug\pong.tlog\cl.write.1.tlog
c:\users\123\desktop\github projects\firstengine\pong\x64\debug\pong.tlog\link.17568-cvtres.read.1.tlog
c:\users\123\desktop\github projects\firstengine\pong\x64\debug\pong.tlog\link.17568-cvtres.write.1.tlog
c:\users\123\desktop\github projects\firstengine\pong\x64\debug\pong.tlog\link.17568-rc.read.1.tlog
c:\users\123\desktop\github projects\firstengine\pong\x64\debug\pong.tlog\link.17568-rc.write.1.tlog
c:\users\123\desktop\github projects\firstengine\pong\x64\debug\pong.tlog\link.17568.read.1.tlog
c:\users\123\desktop\github projects\firstengine\pong\x64\debug\pong.tlog\link.17568.read.2.tlog
c:\users\123\desktop\github projects\firstengine\pong\x64\debug\pong.tlog\link.17568.write.1.tlog
c:\users\123\desktop\github projects\firstengine\pong\x64\debug\pong.tlog\link.command.1.tlog
c:\users\123\desktop\github projects\firstengine\pong\x64\debug\pong.tlog\link.read.1.tlog
c:\users\123\desktop\github projects\firstengine\pong\x64\debug\pong.tlog\link.secondary.1.tlog
c:\users\123\desktop\github projects\firstengine\pong\x64\debug\pong.tlog\link.write.1.tlog
